This is pdfTeX, Version 3.1415926-2.4-1.40.13 (TeX Live 2012/Debian) (format=pdflatex 2013.10.28)  27 NOV 2013 14:38
entering extended mode
 restricted \write18 enabled.
 %&-line parsing enabled.
**thesis.tex
(./thesis.tex
LaTeX2e <2011/06/27>
Babel <v3.8m> and hyphenation patterns for english, dumylang, nohyphenation, et
hiopic, farsi, arabic, pinyin, croatian, bulgarian, ukrainian, russian, slovak,
 czech, danish, dutch, usenglishmax, ukenglish, finnish, french, basque, ngerma
n, german, swissgerman, ngerman-x-2012-05-30, german-x-2012-05-30, monogreek, g
reek, ibycus, ancientgreek, hungarian, bengali, tamil, hindi, telugu, gujarati,
 sanskrit, malayalam, kannada, assamese, marathi, oriya, panjabi, italian, lati
n, latvian, lithuanian, mongolian, mongolianlmc, nynorsk, bokmal, indonesian, e
speranto, coptic, welsh, irish, interlingua, serbian, serbianc, slovenian, friu
lan, romansh, estonian, romanian, armenian, uppersorbian, turkish, afrikaans, i
celandic, kurmanji, polish, portuguese, galician, catalan, spanish, swedish, th
ai, loaded.
(/usr/share/texlive/texmf-dist/tex/latex/base/article.cls
Document Class: article 2007/10/19 v1.4h Standard LaTeX document class
(/usr/share/texlive/texmf-dist/tex/latex/base/size10.clo
File: size10.clo 2007/10/19 v1.4h Standard LaTeX file (size option)
)
\c@part=\count79
\c@section=\count80
\c@subsection=\count81
\c@subsubsection=\count82
\c@paragraph=\count83
\c@subparagraph=\count84
\c@figure=\count85
\c@table=\count86
\abovecaptionskip=\skip41
\belowcaptionskip=\skip42
\bibindent=\dimen102
)
(/usr/share/texlive/texmf-dist/tex/latex/geometry/geometry.sty
Package: geometry 2010/09/12 v5.6 Page Geometry

(/usr/share/texlive/texmf-dist/tex/latex/graphics/keyval.sty
Package: keyval 1999/03/16 v1.13 key=value parser (DPC)
\KV@toks@=\toks14
)
(/usr/share/texlive/texmf-dist/tex/generic/oberdiek/ifpdf.sty
Package: ifpdf 2011/01/30 v2.3 Provides the ifpdf switch (HO)
Package ifpdf Info: pdfTeX in PDF mode is detected.
)
(/usr/share/texlive/texmf-dist/tex/generic/oberdiek/ifvtex.sty
Package: ifvtex 2010/03/01 v1.5 Detect VTeX and its facilities (HO)
Package ifvtex Info: VTeX not detected.
)
(/usr/share/texlive/texmf-dist/tex/generic/ifxetex/ifxetex.sty
Package: ifxetex 2010/09/12 v0.6 Provides ifxetex conditional
)
\Gm@cnth=\count87
\Gm@cntv=\count88
\c@Gm@tempcnt=\count89
\Gm@bindingoffset=\dimen103
\Gm@wd@mp=\dimen104
\Gm@odd@mp=\dimen105
\Gm@even@mp=\dimen106
\Gm@layoutwidth=\dimen107
\Gm@layoutheight=\dimen108
\Gm@layouthoffset=\dimen109
\Gm@layoutvoffset=\dimen110
\Gm@dimlist=\toks15
)
(/usr/share/texlive/texmf-dist/tex/latex/base/inputenc.sty
Package: inputenc 2008/03/30 v1.1d Input encoding file
\inpenc@prehook=\toks16
\inpenc@posthook=\toks17

(/usr/share/texlive/texmf-dist/tex/latex/ucs/utf8x.def
File: utf8x.def 2004/10/17 UCS: Input encoding UTF-8
))
(/usr/share/texlive/texmf-dist/tex/latex/ucs/ucs.sty
Package: ucs 2004/10/17 UCS: Unicode input support

(/usr/share/texlive/texmf-dist/tex/latex/ucs/data/uni-global.def
File: uni-global.def 2012/04/20 UCS: Unicode global data
)
\uc@secondtry=\count90
\uc@combtoks=\toks18
\uc@combtoksb=\toks19
\uc@temptokena=\toks20
)
(/usr/share/texlive/texmf-dist/tex/latex/hyperref/hyperref.sty
Package: hyperref 2012/05/13 v6.82q Hypertext links for LaTeX

(/usr/share/texlive/texmf-dist/tex/generic/oberdiek/hobsub-hyperref.sty
Package: hobsub-hyperref 2012/05/28 v1.13 Bundle oberdiek, subset hyperref (HO)


(/usr/share/texlive/texmf-dist/tex/generic/oberdiek/hobsub-generic.sty
Package: hobsub-generic 2012/05/28 v1.13 Bundle oberdiek, subset generic (HO)
Package: hobsub 2012/05/28 v1.13 Construct package bundles (HO)
Package: infwarerr 2010/04/08 v1.3 Providing info/warning/error messages (HO)
Package: ltxcmds 2011/11/09 v1.22 LaTeX kernel commands for general use (HO)
Package: ifluatex 2010/03/01 v1.3 Provides the ifluatex switch (HO)
Package ifluatex Info: LuaTeX not detected.
Package hobsub Info: Skipping package `ifvtex' (already loaded).
Package: intcalc 2007/09/27 v1.1 Expandable calculations with integers (HO)
Package hobsub Info: Skipping package `ifpdf' (already loaded).
Package: etexcmds 2011/02/16 v1.5 Avoid name clashes with e-TeX commands (HO)
Package etexcmds Info: Could not find \expanded.
(etexcmds)             That can mean that you are not using pdfTeX 1.50 or
(etexcmds)             that some package has redefined \expanded.
(etexcmds)             In the latter case, load this package earlier.
Package: kvsetkeys 2012/04/25 v1.16 Key value parser (HO)
Package: kvdefinekeys 2011/04/07 v1.3 Define keys (HO)
Package: pdftexcmds 2011/11/29 v0.20 Utility functions of pdfTeX for LuaTeX (HO
)
Package pdftexcmds Info: LuaTeX not detected.
Package pdftexcmds Info: \pdf@primitive is available.
Package pdftexcmds Info: \pdf@ifprimitive is available.
Package pdftexcmds Info: \pdfdraftmode found.
Package: pdfescape 2011/11/25 v1.13 Implements pdfTeX's escape features (HO)
Package: bigintcalc 2012/04/08 v1.3 Expandable calculations on big integers (HO
)
Package: bitset 2011/01/30 v1.1 Handle bit-vector datatype (HO)
Package: uniquecounter 2011/01/30 v1.2 Provide unlimited unique counter (HO)
)
Package hobsub Info: Skipping package `hobsub' (already loaded).
Package: letltxmacro 2010/09/02 v1.4 Let assignment for LaTeX macros (HO)
Package: hopatch 2012/05/28 v1.2 Wrapper for package hooks (HO)
Package: xcolor-patch 2011/01/30 xcolor patch
Package: atveryend 2011/06/30 v1.8 Hooks at the very end of document (HO)
Package atveryend Info: \enddocument detected (standard20110627).
Package: atbegshi 2011/10/05 v1.16 At begin shipout hook (HO)
Package: refcount 2011/10/16 v3.4 Data extraction from label references (HO)
Package: hycolor 2011/01/30 v1.7 Color options for hyperref/bookmark (HO)
)
(/usr/share/texlive/texmf-dist/tex/latex/oberdiek/kvoptions.sty
Package: kvoptions 2011/06/30 v3.11 Key value format for package options (HO)
)
\@linkdim=\dimen111
\Hy@linkcounter=\count91
\Hy@pagecounter=\count92

(/usr/share/texlive/texmf-dist/tex/latex/hyperref/pd1enc.def
File: pd1enc.def 2012/05/13 v6.82q Hyperref: PDFDocEncoding definition (HO)
)
\Hy@SavedSpaceFactor=\count93

(/usr/share/texlive/texmf-dist/tex/latex/latexconfig/hyperref.cfg
File: hyperref.cfg 2002/06/06 v1.2 hyperref configuration of TeXLive
)
Package hyperref Info: Hyper figures OFF on input line 4062.
Package hyperref Info: Link nesting OFF on input line 4067.
Package hyperref Info: Hyper index ON on input line 4070.
Package hyperref Info: Plain pages OFF on input line 4077.
Package hyperref Info: Backreferencing OFF on input line 4082.
Package hyperref Info: Implicit mode ON; LaTeX internals redefined.
Package hyperref Info: Bookmarks ON on input line 4300.
\c@Hy@tempcnt=\count94

(/usr/share/texlive/texmf-dist/tex/latex/url/url.sty
\Urlmuskip=\muskip10
Package: url 2006/04/12  ver 3.3  Verb mode for urls, etc.
)
LaTeX Info: Redefining \url on input line 4653.
\Fld@menulength=\count95
\Field@Width=\dimen112
\Fld@charsize=\dimen113
Package hyperref Info: Hyper figures OFF on input line 5773.
Package hyperref Info: Link nesting OFF on input line 5778.
Package hyperref Info: Hyper index ON on input line 5781.
Package hyperref Info: backreferencing OFF on input line 5788.
Package hyperref Info: Link coloring OFF on input line 5793.
Package hyperref Info: Link coloring with OCG OFF on input line 5798.
Package hyperref Info: PDF/A mode OFF on input line 5803.
LaTeX Info: Redefining \ref on input line 5843.
LaTeX Info: Redefining \pageref on input line 5847.
\Hy@abspage=\count96
\c@Item=\count97
\c@Hfootnote=\count98
)

Package hyperref Message: Driver (autodetected): hpdftex.

(/usr/share/texlive/texmf-dist/tex/latex/hyperref/hpdftex.def
File: hpdftex.def 2012/05/13 v6.82q Hyperref driver for pdfTeX
\Fld@listcount=\count99
\c@bookmark@seq@number=\count100

(/usr/share/texlive/texmf-dist/tex/latex/oberdiek/rerunfilecheck.sty
Package: rerunfilecheck 2011/04/15 v1.7 Rerun checks for auxiliary files (HO)
Package uniquecounter Info: New unique counter `rerunfilecheck' on input line 2
82.
)
\Hy@SectionHShift=\skip43
)
(/usr/share/texlive/texmf-dist/tex/latex/tools/longtable.sty
Package: longtable 2004/02/01 v4.11 Multi-page Table package (DPC)
\LTleft=\skip44
\LTright=\skip45
\LTpre=\skip46
\LTpost=\skip47
\LTchunksize=\count101
\LTcapwidth=\dimen114
\LT@head=\box26
\LT@firsthead=\box27
\LT@foot=\box28
\LT@lastfoot=\box29
\LT@cols=\count102
\LT@rows=\count103
\c@LT@tables=\count104
\c@LT@chunks=\count105
\LT@p@ftn=\toks21
)
(/usr/share/texlive/texmf-dist/tex/latex/base/fixltx2e.sty
Package: fixltx2e 2006/09/13 v1.1m fixes to LaTeX
LaTeX Info: Redefining \em on input line 420.
)
(/usr/share/texmf/tex/latex/xcolor/xcolor.sty
Package: xcolor 2007/01/21 v2.11 LaTeX color extensions (UK)

(/usr/share/texlive/texmf-dist/tex/latex/latexconfig/color.cfg
File: color.cfg 2007/01/18 v1.5 color configuration of teTeX/TeXLive
)
Package xcolor Info: Driver file: pdftex.def on input line 225.

(/usr/share/texlive/texmf-dist/tex/latex/pdftex-def/pdftex.def
File: pdftex.def 2011/05/27 v0.06d Graphics/color for pdfTeX
\Gread@gobject=\count106
)
Package xcolor Info: Model `cmy' substituted by `cmy0' on input line 1337.
Package xcolor Info: Model `hsb' substituted by `rgb' on input line 1341.
Package xcolor Info: Model `RGB' extended on input line 1353.
Package xcolor Info: Model `HTML' substituted by `rgb' on input line 1355.
Package xcolor Info: Model `Hsb' substituted by `hsb' on input line 1356.
Package xcolor Info: Model `tHsb' substituted by `hsb' on input line 1357.
Package xcolor Info: Model `HSB' substituted by `hsb' on input line 1358.
Package xcolor Info: Model `Gray' substituted by `gray' on input line 1359.
Package xcolor Info: Model `wave' substituted by `hsb' on input line 1360.
)
(/usr/share/texlive/texmf-dist/tex/latex/hyphenat/hyphenat.sty
Package: hyphenat 2009/09/02 v2.3c hyphenation utilities
\langwohyphens=\language76
LaTeX Info: Redefining \_ on input line 43.
)
\@input{thesis.preamble.aux}
\openout2 = `thesis.preamble.aux'.

(./thesis.preamble.tex
(/usr/share/texlive/texmf-dist/tex/latex/graphics/graphicx.sty
Package: graphicx 1999/02/16 v1.0f Enhanced LaTeX Graphics (DPC,SPQR)

(/usr/share/texlive/texmf-dist/tex/latex/graphics/graphics.sty
Package: graphics 2009/02/05 v1.0o Standard LaTeX Graphics (DPC,SPQR)

(/usr/share/texlive/texmf-dist/tex/latex/graphics/trig.sty
Package: trig 1999/03/16 v1.09 sin cos tan (DPC)
)
(/usr/share/texlive/texmf-dist/tex/latex/latexconfig/graphics.cfg
File: graphics.cfg 2010/04/23 v1.9 graphics configuration of TeX Live
)
Package graphics Info: Driver file: pdftex.def on input line 91.
)
\Gin@req@height=\dimen115
\Gin@req@width=\dimen116
)
(/usr/share/texlive/texmf-dist/tex/latex/tools/verbatim.sty
Package: verbatim 2003/08/22 v1.5q LaTeX2e package for verbatim enhancements
\every@verbatim=\toks22
\verbatim@line=\toks23
\verbatim@in@stream=\read1
)
(/usr/share/texlive/texmf-dist/tex/latex/base/latexsym.sty
Package: latexsym 1998/08/17 v2.2e Standard LaTeX package (lasy symbols)
\symlasy=\mathgroup4
LaTeX Font Info:    Overwriting symbol font `lasy' in version `bold'
(Font)                  U/lasy/m/n --> U/lasy/b/n on input line 47.
) (./mathchars.sty)
(/usr/share/texlive/texmf-dist/tex/latex/setspace/setspace.sty
Package: setspace 2011/12/19 v6.7a set line spacing
)
(/usr/share/texlive/texmf-dist/tex/latex/tocloft/tocloft.sty
Package: tocloft 2010/10/13 v2.3e parameterised ToC, etc., typesetting
Package tocloft Info: The document has section divisions on input line 43.
\cftparskip=\skip48
\cftbeforetoctitleskip=\skip49
\cftaftertoctitleskip=\skip50
\cftbeforepartskip=\skip51
\cftpartnumwidth=\skip52
\cftpartindent=\skip53
\cftbeforesecskip=\skip54
\cftsecindent=\skip55
\cftsecnumwidth=\skip56
\cftbeforesubsecskip=\skip57
\cftsubsecindent=\skip58
\cftsubsecnumwidth=\skip59
\cftbeforesubsubsecskip=\skip60
\cftsubsubsecindent=\skip61
\cftsubsubsecnumwidth=\skip62
\cftbeforeparaskip=\skip63
\cftparaindent=\skip64
\cftparanumwidth=\skip65
\cftbeforesubparaskip=\skip66
\cftsubparaindent=\skip67
\cftsubparanumwidth=\skip68
\cftbeforeloftitleskip=\skip69
\cftafterloftitleskip=\skip70
\cftbeforefigskip=\skip71
\cftfigindent=\skip72
\cftfignumwidth=\skip73
\c@lofdepth=\count107
\c@lotdepth=\count108
\cftbeforelottitleskip=\skip74
\cftafterlottitleskip=\skip75
\cftbeforetabskip=\skip76
\cfttabindent=\skip77
\cfttabnumwidth=\skip78
)
(/usr/share/texlive/texmf-dist/tex/latex/mh/mathtools.sty
Package: mathtools 2012/04/24 v1.12 mathematical typesetting tools

(/usr/share/texlive/texmf-dist/tex/latex/tools/calc.sty
Package: calc 2007/08/22 v4.3 Infix arithmetic (KKT,FJ)
\calc@Acount=\count109
\calc@Bcount=\count110
\calc@Adimen=\dimen117
\calc@Bdimen=\dimen118
\calc@Askip=\skip79
\calc@Bskip=\skip80
LaTeX Info: Redefining \setlength on input line 76.
LaTeX Info: Redefining \addtolength on input line 77.
\calc@Ccount=\count111
\calc@Cskip=\skip81
)
(/usr/share/texlive/texmf-dist/tex/latex/mh/mhsetup.sty
Package: mhsetup 2010/01/21 v1.2a programming setup (MH)
)
(/usr/share/texlive/texmf-dist/tex/latex/amsmath/amsmath.sty
Package: amsmath 2000/07/18 v2.13 AMS math features
\@mathmargin=\skip82

For additional information on amsmath, use the `?' option.
(/usr/share/texlive/texmf-dist/tex/latex/amsmath/amstext.sty
Package: amstext 2000/06/29 v2.01

(/usr/share/texlive/texmf-dist/tex/latex/amsmath/amsgen.sty
File: amsgen.sty 1999/11/30 v2.0
\@emptytoks=\toks24
\ex@=\dimen119
))
(/usr/share/texlive/texmf-dist/tex/latex/amsmath/amsbsy.sty
Package: amsbsy 1999/11/29 v1.2d
\pmbraise@=\dimen120
)
(/usr/share/texlive/texmf-dist/tex/latex/amsmath/amsopn.sty
Package: amsopn 1999/12/14 v2.01 operator names
)
\inf@bad=\count112
LaTeX Info: Redefining \frac on input line 211.
\uproot@=\count113
\leftroot@=\count114
LaTeX Info: Redefining \overline on input line 307.
\classnum@=\count115
\DOTSCASE@=\count116
LaTeX Info: Redefining \ldots on input line 379.
LaTeX Info: Redefining \dots on input line 382.
LaTeX Info: Redefining \cdots on input line 467.
\Mathstrutbox@=\box30
\strutbox@=\box31
\big@size=\dimen121
LaTeX Font Info:    Redeclaring font encoding OML on input line 567.
LaTeX Font Info:    Redeclaring font encoding OMS on input line 568.
\macc@depth=\count117
\c@MaxMatrixCols=\count118
\dotsspace@=\muskip11
\c@parentequation=\count119
\dspbrk@lvl=\count120
\tag@help=\toks25
\row@=\count121
\column@=\count122
\maxfields@=\count123
\andhelp@=\toks26
\eqnshift@=\dimen122
\alignsep@=\dimen123
\tagshift@=\dimen124
\tagwidth@=\dimen125
\totwidth@=\dimen126
\lineht@=\dimen127
\@envbody=\toks27
\multlinegap=\skip83
\multlinetaggap=\skip84
\mathdisplay@stack=\toks28
LaTeX Info: Redefining \[ on input line 2666.
LaTeX Info: Redefining \] on input line 2667.
)
\g_MT_multlinerow_int=\count124
\l_MT_multwidth_dim=\dimen128
\origjot=\skip85
\l_MT_shortvdotswithinadjustabove_dim=\dimen129
\l_MT_shortvdotswithinadjustbelow_dim=\dimen130
\l_MT_above_intertext_dim=\dimen131
\l_MT_below_intertext_dim=\dimen132
\l_MT_above_shortintertext_dim=\dimen133
\l_MT_below_shortintertext_dim=\dimen134
)
(/usr/share/texlive/texmf-dist/tex/latex/fancyhdr/fancyhdr.sty
\fancy@headwidth=\skip86
\f@ncyO@elh=\skip87
\f@ncyO@erh=\skip88
\f@ncyO@olh=\skip89
\f@ncyO@orh=\skip90
\f@ncyO@elf=\skip91
\f@ncyO@erf=\skip92
\f@ncyO@olf=\skip93
\f@ncyO@orf=\skip94
) (./icthesis.sty))

LaTeX Warning: Unused global option(s):
    [13pt].

(build/thesis.aux

LaTeX Warning: Label `sec:reqvin' multiply defined.


LaTeX Warning: Label `sec:reqvin' multiply defined.


LaTeX Warning: Label `sec:reqqua' multiply defined.


LaTeX Warning: Label `sec:esiti' multiply defined.

)
\openout1 = `thesis.aux'.

LaTeX Font Info:    Checking defaults for OML/cmm/m/it on input line 20.
LaTeX Font Info:    ... okay on input line 20.
LaTeX Font Info:    Checking defaults for T1/cmr/m/n on input line 20.
LaTeX Font Info:    ... okay on input line 20.
LaTeX Font Info:    Checking defaults for OT1/cmr/m/n on input line 20.
LaTeX Font Info:    ... okay on input line 20.
LaTeX Font Info:    Checking defaults for OMS/cmsy/m/n on input line 20.
LaTeX Font Info:    ... okay on input line 20.
LaTeX Font Info:    Checking defaults for OMX/cmex/m/n on input line 20.
LaTeX Font Info:    ... okay on input line 20.
LaTeX Font Info:    Checking defaults for U/cmr/m/n on input line 20.
LaTeX Font Info:    ... okay on input line 20.
LaTeX Font Info:    Checking defaults for PD1/pdf/m/n on input line 20.
LaTeX Font Info:    ... okay on input line 20.

*geometry* driver: auto-detecting
*geometry* detected driver: pdftex
*geometry* verbose mode - [ preamble ] result:
* driver: pdftex
* paper: a4paper
* layout: <same size as paper>
* layoutoffset:(h,v)=(0.0pt,0.0pt)
* modes: twoside 
* h-part:(L,W,R)=(113.81102pt, 369.88583pt, 113.81102pt)
* v-part:(T,H,B)=(113.81102pt, 645.87756pt, 85.35826pt)
* \paperwidth=597.50787pt
* \paperheight=845.04684pt
* \textwidth=369.88583pt
* \textheight=645.87756pt
* \oddsidemargin=41.54103pt
* \evensidemargin=41.54103pt
* \topmargin=4.54103pt
* \headheight=12.0pt
* \headsep=25.0pt
* \topskip=10.0pt
* \footskip=30.0pt
* \marginparwidth=111.0pt
* \marginparsep=11.0pt
* \columnsep=10.0pt
* \skip\footins=9.0pt plus 4.0pt minus 2.0pt
* \hoffset=0.0pt
* \voffset=0.0pt
* \mag=1000
* \@twocolumnfalse
* \@twosidetrue
* \@mparswitchtrue
* \@reversemarginfalse
* (1in=72.27pt=25.4mm, 1cm=28.453pt)

(/usr/share/texlive/texmf-dist/tex/latex/ucs/ucsencs.def
File: ucsencs.def 2011/01/21 Fixes to fontencodings LGR, T3
)
\AtBeginShipoutBox=\box32
Package hyperref Info: Link coloring OFF on input line 20.

(/usr/share/texlive/texmf-dist/tex/latex/hyperref/nameref.sty
Package: nameref 2010/04/30 v2.40 Cross-referencing by name of section

(/usr/share/texlive/texmf-dist/tex/generic/oberdiek/gettitlestring.sty
Package: gettitlestring 2010/12/03 v1.4 Cleanup title references (HO)
)
\c@section@level=\count125
)
LaTeX Info: Redefining \ref on input line 20.
LaTeX Info: Redefining \pageref on input line 20.
LaTeX Info: Redefining \nameref on input line 20.

(build/thesis.out) (build/thesis.out)
\@outlinefile=\write3
\openout3 = `thesis.out'.


(/usr/share/texlive/texmf-dist/tex/context/base/supp-pdf.mkii
[Loading MPS to PDF converter (version 2006.09.02).]
\scratchcounter=\count126
\scratchdimen=\dimen135
\scratchbox=\box33
\nofMPsegments=\count127
\nofMParguments=\count128
\everyMPshowfont=\toks29
\MPscratchCnt=\count129
\MPscratchDim=\dimen136
\MPnumerator=\count130
\makeMPintoPDFobject=\count131
\everyMPtoPDFconversion=\toks30
) (/usr/share/texlive/texmf-dist/tex/latex/oberdiek/epstopdf-base.sty
Package: epstopdf-base 2010/02/09 v2.5 Base part for package epstopdf

(/usr/share/texlive/texmf-dist/tex/latex/oberdiek/grfext.sty
Package: grfext 2010/08/19 v1.1 Manage graphics extensions (HO)
)
Package grfext Info: Graphics extension search list:
(grfext)             [.png,.pdf,.jpg,.mps,.jpeg,.jbig2,.jb2,.PNG,.PDF,.JPG,.JPE
G,.JBIG2,.JB2,.eps]
(grfext)             \AppendGraphicsExtensions on input line 452.

(/usr/share/texlive/texmf-dist/tex/latex/latexconfig/epstopdf-sys.cfg
File: epstopdf-sys.cfg 2010/07/13 v1.3 Configuration of (r)epstopdf for TeX Liv
e
))
(/usr/share/texlive/texmf-dist/tex/latex/ucs/data/uni-0.def
File: uni-0.def 2012/04/20 UCS: Unicode data U+0000..U+00FF
)
<./images/logo_unipd.png, id=377, 943.525pt x 949.5475pt>
File: ./images/logo_unipd.png Graphic file (type png)

<use ./images/logo_unipd.png>
Package pdftex.def Info: ./images/logo_unipd.png used on input line 35.
(pdftex.def)             Requested size: 188.70164pt x 189.90613pt.

Overfull \vbox (175.48444pt too high) detected at line 35
 []


LaTeX Warning: Float too large for page by 12.0pt on input line 35.

[1{/var/lib/texmf/fonts/map/pdftex/updmap/pdftex.map}

 <./images/logo_unipd.png>] [2




] (build/thesis.toc
LaTeX Font Info:    Try loading font information for U+lasy on input line 1.
 (/usr/share/texlive/texmf-dist/tex/latex/base/ulasy.fd
File: ulasy.fd 1998/08/17 v2.2e LaTeX symbol font definitions
) [3])
\tf@toc=\write4
\openout4 = `thesis.toc'.

 [4] (build/thesis.lot)
\tf@lot=\write5
\openout5 = `thesis.lot'.

 [5

] [6

] (build/thesis.lof)
\tf@lof=\write6
\openout6 = `thesis.lof'.

 [7] [8

]
(./sections/introduzione.tex
Overfull \hbox (14.92505pt too wide) in paragraph at lines 4--5
\OT1/cmr/m/n/10 del pro-getto di stage svolto da Giulio Lo-vi-sotto presso la d
itta Path-flow s.r.l. L'esposizione
 []

<./images/roadmap.png, id=578, 885.3075pt x 500.87125pt>
File: ./images/roadmap.png Graphic file (type png)

<use ./images/roadmap.png>
Package pdftex.def Info: ./images/roadmap.png used on input line 16.
(pdftex.def)             Requested size: 354.11671pt x 200.34494pt.

Overfull \hbox (4.67114pt too wide) in paragraph at lines 7--20
\OT1/cmr/m/n/10 tec-niche di \OT1/cmr/m/it/10 body track-ing \OT1/cmr/m/n/10 co
n un sis-tema basato su tele-camere, di fornire delle dash-board
 []


Underfull \hbox (badness 10000) in paragraph at lines 7--20

 []


Overfull \hbox (3.08705pt too wide) in paragraph at lines 22--25
\OT1/cmr/m/n/10 fornire alle fig-ure pro-fes-sion-ali che si oc-cu-pano del mar
-ket-ing (quali vi-sual mer-chan-diser
 []


Underfull \hbox (badness 10000) in paragraph at lines 22--25

 []


Underfull \hbox (badness 10000) in paragraph at lines 22--25

 []

pdfTeX warning (ext4): destination with the same identifier (name{page.1}) has 
been already used, duplicate ignored
<to be read again> 
                   \relax 
l.25 \begin{itemize}
                     [1 <./images/roadmap.png>]
LaTeX Font Info:    Try loading font information for OMS+cmr on input line 26.

(/usr/share/texlive/texmf-dist/tex/latex/base/omscmr.fd
File: omscmr.fd 1999/05/25 v2.5h Standard LaTeX font definitions
)
LaTeX Font Info:    Font shape `OMS/cmr/m/n' in size <10> not available
(Font)              Font shape `OMS/cmsy/m/n' tried instead on input line 26.

Underfull \hbox (badness 10000) in paragraph at lines 30--34

 []


Underfull \hbox (badness 10000) in paragraph at lines 30--34

 []


Underfull \hbox (badness 10000) in paragraph at lines 30--34

 []


Overfull \hbox (7.44809pt too wide) in paragraph at lines 35--37
[]\OT1/cmr/m/n/10 Tale soft-ware ^^Re in-teso per l'utilizzo solo da parte di u
n utente am-min-is-tra-tore (in-ter-fac-cia
 []

)pdfTeX warning (ext4): destination with the same identifier (name{page.2}) has
 been already used, duplicate ignored
<to be read again> 
                   \relax 
l.48 \newpage
              [2] (./sections/pianificazione.tex
Overfull \hbox (4.9621pt too wide) in paragraph at lines 2--4
\OT1/cmr/m/n/10 In questa sezione viene ri-por-tato un di-a-gramma di Gantt ri-
as-sun-tivo della pi-ani-fi-cazione
 []


Underfull \hbox (badness 10000) in paragraph at lines 2--4

 []

<./images/pianificazione.png, id=589, 853.1875pt x 547.04375pt>
File: ./images/pianificazione.png Graphic file (type png)

<use ./images/pianificazione.png>
Package pdftex.def Info: ./images/pianificazione.png used on input line 15.
(pdftex.def)             Requested size: 369.88583pt x 237.16911pt.
)pdfTeX warning (ext4): destination with the same identifier (name{page.3}) has
 been already used, duplicate ignored
<to be read again> 
                   \relax 
l.51 \clearpage
                [3]pdfTeX warning (ext4): destination with the same identifier 
(name{page.4}) has been already used, duplicate ignored
<to be read again> 
                   \relax 
l.51 \clearpage
                [4 <./images/pianificazione.png>] (./sections/casiduso.tex

LaTeX Warning: Hyper reference `sec:uc1' on page 5 undefined on input line 6.


LaTeX Warning: Hyper reference `sec:uc2' on page 5 undefined on input line 7.


LaTeX Warning: Hyper reference `sec:uc3' on page 5 undefined on input line 8.

<./images/uc0.png, id=599, 809.0225pt x 519.9425pt>
File: ./images/uc0.png Graphic file (type png)
 <use ./images/uc0.png>
Package pdftex.def Info: ./images/uc0.png used on input line 17.
(pdftex.def)             Requested size: 323.60327pt x 207.97331pt.

Overfull \hbox (24.89468pt too wide) in paragraph at lines 27--28
[]\OT1/cmr/m/n/10 L'utente pu^^Ro in-iziare la cal-i-brazione delle tele-camere
, op-pure pu^^Ro vi-su-al-iz-zare
 []


LaTeX Warning: Hyper reference `sec:uc1.1' on page 5 undefined on input line 30
.


LaTeX Warning: Hyper reference `sec:uc1.2' on page 5 undefined on input line 31
.

<./images/uc1.png, id=601, 666.49pt x 506.89375pt>
File: ./images/uc1.png Graphic file (type png)
 <use ./images/uc1.png>
Package pdftex.def Info: ./images/uc1.png used on input line 40.
(pdftex.def)             Requested size: 266.59128pt x 202.7539pt.

Overfull \hbox (0.22794pt too wide) in paragraph at lines 50--51
[]\OT1/cmr/m/n/10 L'utente sta se-lezio-nando le opzioni per la cal-i-brazione 
delle tele-camere.
 []

pdfTeX warning (ext4): destination with the same identifier (name{page.5}) has 
been already used, duplicate ignored
<to be read again> 
                   \relax 
l.51 \item[\em{flusso principale degli eventi }]
                                                 \mbox{} [5

]pdfTeX warning (ext4): destination with the same identifier (name{page.6}) has
 been already used, duplicate ignored
<to be read again> 
                   \relax 
l.51 \item[\em{flusso principale degli eventi }]
                                                 \mbox{} [6 <./images/uc0.png> 
<./images/uc1.png>]

LaTeX Warning: Hyper reference `sec:uc1.1.1' on page 7 undefined on input line 
53.


LaTeX Warning: Hyper reference `sec:uc1.1.2' on page 7 undefined on input line 
54.


LaTeX Warning: Hyper reference `sec:uc1.1.3' on page 7 undefined on input line 
55.


LaTeX Warning: Hyper reference `sec:uc1.1.4' on page 7 undefined on input line 
56.


Overfull \hbox (2.9877pt too wide) in paragraph at lines 58--59
[]\OT1/cmr/m/n/10 I file che con-tengono i file di cal-i-brazione della tele-ca
m-era (dis-tor-tion
 []

<./images/uc11.png, id=623, 574.145pt x 476.78125pt>
File: ./images/uc11.png Graphic file (type png)
 <use ./images/uc11.png>
Package pdftex.def Info: ./images/uc11.png used on input line 71.
(pdftex.def)             Requested size: 229.65393pt x 190.7091pt.

Overfull \hbox (3.81134pt too wide) in paragraph at lines 81--82
[]\OT1/cmr/m/n/10 L'utente se-leziona il nu-mero di im-mag-ini da uti-liz-zare 
per la cal-i-brazione 
 []

pdfTeX warning (ext4): destination with the same identifier (name{page.7}) has 
been already used, duplicate ignored
<to be read again> 
                   \relax 
l.93 \item[\em{precondizione }]
                                L'utente ha già selezionato il numero immag...
[7 <./images/uc11.png>]
Overfull \hbox (4.78143pt too wide) in paragraph at lines 122--123
[]\OT1/cmr/m/n/10 La cal-i-brazione non ter-mina con suc-cesso quindi l'operazi
one viene in-ter-rotta
 []


LaTeX Warning: Hyper reference `sec:uc2.1' on page 8 undefined on input line 13
7.


LaTeX Warning: Hyper reference `sec:uc2.2' on page 8 undefined on input line 13
8.

pdfTeX warning (ext4): destination with the same identifier (name{page.8}) has 
been already used, duplicate ignored
<to be read again> 
                   \relax 
l.139 \item L
             'utente modifica la configurazione di una telecamera (\hyperref...
[8]

LaTeX Warning: Hyper reference `sec:uc2.3' on page 9 undefined on input line 13
9.


LaTeX Warning: Hyper reference `sec:uc2.4' on page 9 undefined on input line 14
0.


LaTeX Warning: Hyper reference `sec:uc2.5' on page 9 undefined on input line 14
1.


LaTeX Warning: Hyper reference `sec:uc2.6' on page 9 undefined on input line 14
2.


LaTeX Warning: Hyper reference `sec:uc2.7' on page 9 undefined on input line 14
3.

<./images/uc2.png, id=642, 572.1375pt x 562.1pt>
File: ./images/uc2.png Graphic file (type png)
 <use ./images/uc2.png>
Package pdftex.def Info: ./images/uc2.png used on input line 152.
(pdftex.def)             Requested size: 228.85094pt x 224.83601pt.

[9 <./images/uc2.png>]

LaTeX Warning: Hyper reference `sec:uc2.3.1' on page 10 undefined on input line
 183.


LaTeX Warning: Hyper reference `sec:uc2.3.2' on page 10 undefined on input line
 184.


LaTeX Warning: Hyper reference `sec:uc2.3.3' on page 10 undefined on input line
 185.


LaTeX Warning: Hyper reference `sec:uc2.3.4' on page 10 undefined on input line
 186.


LaTeX Warning: Hyper reference `sec:uc2.3.5' on page 10 undefined on input line
 187.


Overfull \hbox (16.9421pt too wide) in paragraph at lines 187--188
[]\OT1/cmr/m/n/10 L'utente mod-i-fica il per-corso del file di con-fig-u-razion
e con-te-nente la \OT1/cmr/m/it/10 ho-mog-ra-phy
 []

<./images/uc23.png, id=658, 621.32124pt x 474.77374pt>
File: ./images/uc23.png Graphic file (type png)
 <use ./images/uc23.png>
Package pdftex.def Info: ./images/uc23.png used on input line 201.
(pdftex.def)             Requested size: 248.5241pt x 189.90613pt.

[10 <./images/uc23.png>]
Overfull \hbox (4.978pt too wide) in paragraph at lines 256--257
[]\OT1/cmr/m/n/10 L'utente in-dica al sis-tema di at-ti-vare la tele-cam-era se
-lezion-ata, cat-turare
 []

[11]
Overfull \hbox (4.17035pt too wide) in paragraph at lines 262--263
[]\OT1/cmr/m/n/10 La tele-cam-era non ^^Re rag-giun-gi-bile, il sis-tema in-ter
-rompe l'operazione seg-nala
 []


LaTeX Warning: Hyper reference `sec:uc3.1' on page 12 undefined on input line 2
90.


LaTeX Warning: Hyper reference `sec:uc3.2' on page 12 undefined on input line 2
91.


LaTeX Warning: Hyper reference `sec:uc3.3' on page 12 undefined on input line 2
92.

<./images/uc3.png, id=679, 593.21625pt x 411.5375pt>
File: ./images/uc3.png Graphic file (type png)
 <use ./images/uc3.png>
Package pdftex.def Info: ./images/uc3.png used on input line 301.
(pdftex.def)             Requested size: 237.28229pt x 164.61208pt.

[12]
Overfull \hbox (2.53354pt too wide) in paragraph at lines 322--323
[]\OT1/cmr/m/n/10 L'utente in-dica al sis-tema di gener-are l'heatmap con la ra
p-p-re-sen-tazione
 []

) [13 <./images/uc3.png>] (./sections/requisiti.tex
Underfull \hbox (badness 10000) in paragraph at lines 69--1

 []


Underfull \hbox (badness 10000) in paragraph at lines 19--19
[]|\OT1/cmr/m/n/10 Il sis-tema deve per-me-t-tere
 []


Underfull \hbox (badness 10000) in paragraph at lines 19--19
\OT1/cmr/m/n/10 all'utente di es-eguire la
 []


Underfull \hbox (badness 10000) in paragraph at lines 20--20
[]|\OT1/cmr/m/n/10 Il sis-tema deve per-me-t-tere
 []


Underfull \hbox (badness 10000) in paragraph at lines 20--20
[]|\OT1/cmr/m/n/10 UC1
 []


Underfull \hbox (badness 10000) in paragraph at lines 21--21
[]|\OT1/cmr/m/n/10 Il sis-tema deve per-me-t-tere
 []


Underfull \hbox (badness 10000) in paragraph at lines 21--21
\OT1/cmr/m/n/10 all'utente di se-lezionare il
 []


Underfull \hbox (badness 10000) in paragraph at lines 21--21
[]|\OT1/cmr/m/n/10 UC1
 []


Underfull \hbox (badness 10000) in paragraph at lines 21--21
\OT1/cmr/m/n/10 UC1.1
 []


Underfull \hbox (badness 10000) in paragraph at lines 22--22
[]|\OT1/cmr/m/n/10 Il sis-tema deve per-me-t-tere
 []


Underfull \hbox (badness 10000) in paragraph at lines 22--22
[]|\OT1/cmr/m/n/10 UC1
 []


Underfull \hbox (badness 10000) in paragraph at lines 22--22
\OT1/cmr/m/n/10 UC1.1
 []


Underfull \hbox (badness 10000) in paragraph at lines 23--23
[]|\OT1/cmr/m/n/10 Il sis-tema deve per-me-t-tere
 []


Underfull \hbox (badness 10000) in paragraph at lines 23--23
\OT1/cmr/m/n/10 all'utente di se-lezionare
 []


Underfull \hbox (badness 10000) in paragraph at lines 23--23
\OT1/cmr/m/n/10 l'indirizzo iden-ti-fica-tivo della
 []


Underfull \hbox (badness 10000) in paragraph at lines 23--23
[]|\OT1/cmr/m/n/10 UC1.1
 []


Underfull \hbox (badness 7759) in paragraph at lines 24--24
[]|\OT1/cmr/m/n/10 Il sis-tema deve es-eguire la
 []


Underfull \hbox (badness 10000) in paragraph at lines 24--24
[]|\OT1/cmr/m/n/10 UC1.1
 []


Underfull \hbox (badness 10000) in paragraph at lines 25--25
[]|\OT1/cmr/m/n/10 Il sis-tema deve per-me-t-tere
 []


Underfull \hbox (badness 8075) in paragraph at lines 25--25
\OT1/cmr/m/n/10 all'utente di vi-su-al-iz-zare un
 []


Underfull \hbox (badness 1009) in paragraph at lines 25--25
\OT1/cmr/m/n/10 video che uti-lizza i parametri
 []


Underfull \hbox (badness 10000) in paragraph at lines 25--25
[]|\OT1/cmr/m/n/10 UC1
 []


Underfull \hbox (badness 10000) in paragraph at lines 26--26
[]|\OT1/cmr/m/n/10 Il sis-tema deve per-me-t-tere
 []


Underfull \hbox (badness 10000) in paragraph at lines 26--26
\OT1/cmr/m/n/10 all'utente di con-fig-u-rare le
 []


Underfull \hbox (badness 10000) in paragraph at lines 27--27
[]|\OT1/cmr/m/n/10 Il sis-tema deve per-me-t-tere
 []


Underfull \hbox (badness 10000) in paragraph at lines 27--27
[]|\OT1/cmr/m/n/10 UC2
 []


Underfull \hbox (badness 10000) in paragraph at lines 28--28
[]|\OT1/cmr/m/n/10 Il sis-tema deve per-me-t-tere
 []


Underfull \hbox (badness 10000) in paragraph at lines 28--28
\OT1/cmr/m/n/10 all'utente di rimuo-vere una
 []


Underfull \hbox (badness 10000) in paragraph at lines 28--28
[]|\OT1/cmr/m/n/10 UC2
 []


Underfull \hbox (badness 10000) in paragraph at lines 29--29
[]|\OT1/cmr/m/n/10 Il sis-tema deve per-me-t-tere
 []


Underfull \hbox (badness 10000) in paragraph at lines 29--29
\OT1/cmr/m/n/10 all'utente di mod-i-fi-care e
 []


Underfull \hbox (badness 10000) in paragraph at lines 29--29
[]|\OT1/cmr/m/n/10 UC2
 []


Underfull \hbox (badness 10000) in paragraph at lines 30--30
[]|\OT1/cmr/m/n/10 Il sis-tema deve per-me-t-tere
 []


Underfull \hbox (badness 10000) in paragraph at lines 30--30
[]|\OT1/cmr/m/n/10 UC2
 []


Underfull \hbox (badness 10000) in paragraph at lines 30--30
\OT1/cmr/m/n/10 UC2.3
 []


Underfull \hbox (badness 10000) in paragraph at lines 31--31
[]|\OT1/cmr/m/n/10 Il sis-tema deve per-me-t-tere
 []


Underfull \hbox (badness 10000) in paragraph at lines 31--31
[]|\OT1/cmr/m/n/10 UC2
 []


Underfull \hbox (badness 10000) in paragraph at lines 31--31
\OT1/cmr/m/n/10 UC2.3
 []


Underfull \hbox (badness 10000) in paragraph at lines 32--32
[]|\OT1/cmr/m/n/10 Il sis-tema deve per-me-t-tere
 []


Underfull \hbox (badness 10000) in paragraph at lines 32--32
[]|\OT1/cmr/m/n/10 UC2
 []


Underfull \hbox (badness 10000) in paragraph at lines 32--32
\OT1/cmr/m/n/10 UC2.3
 []


Underfull \hbox (badness 10000) in paragraph at lines 33--33
[]|\OT1/cmr/m/n/10 Il sis-tema deve per-me-t-tere
 []


Underfull \hbox (badness 10000) in paragraph at lines 33--33
\OT1/cmr/m/n/10 all'utente di mod-i-fi-care il
 []


Underfull \hbox (badness 10000) in paragraph at lines 33--33
[]|\OT1/cmr/m/n/10 UC2
 []


Underfull \hbox (badness 10000) in paragraph at lines 33--33
\OT1/cmr/m/n/10 UC2.3
 []


Underfull \hbox (badness 10000) in paragraph at lines 34--34
[]|\OT1/cmr/m/n/10 Il sis-tema deve per-me-t-tere
 []


Underfull \hbox (badness 1412) in paragraph at lines 34--34
\OT1/cmr/m/n/10 all'utente di mod-i-fi-care il file
 []


Underfull \hbox (badness 10000) in paragraph at lines 34--34
\OT1/cmr/m/n/10 con-te-nente la ho-mog-ra-phy
 []


Underfull \hbox (badness 10000) in paragraph at lines 34--34
\OT1/cmr/m/n/10 ma-trix uti-liz-zata per la
 []


Underfull \hbox (badness 10000) in paragraph at lines 34--34
\OT1/cmr/m/n/10 traduzione delle co-or-di-nate
 []


Underfull \hbox (badness 5985) in paragraph at lines 34--34
\OT1/cmr/m/n/10 di track-ing rel-a-tive ad una
 []


Underfull \hbox (badness 10000) in paragraph at lines 34--34
[]|\OT1/cmr/m/n/10 UC2
 []


Underfull \hbox (badness 10000) in paragraph at lines 34--34
\OT1/cmr/m/n/10 UC2.3
 []


Underfull \hbox (badness 1107) in paragraph at lines 35--35
[]|\OT1/cmr/m/n/10 Il sis-tema deve per-me-t-tere di
 []


Underfull \hbox (badness 10000) in paragraph at lines 35--35
[]|\OT1/cmr/m/n/10 UC2
 []


Underfull \hbox (badness 10000) in paragraph at lines 36--36
[]|\OT1/cmr/m/n/10 Il sis-tema deve per-me-t-tere
 []


Underfull \hbox (badness 4954) in paragraph at lines 36--36
\OT1/cmr/m/n/10 un file .PNG che ripro-duce
 []


Underfull \hbox (badness 10000) in paragraph at lines 36--36
\OT1/cmr/m/n/10 grafi-ca-mente l'immagine
 []


Underfull \hbox (badness 1107) in paragraph at lines 37--37
[]|\OT1/cmr/m/n/10 Il sis-tema deve per-me-t-tere di
 []


Underfull \hbox (badness 10000) in paragraph at lines 37--37
[]|\OT1/cmr/m/n/10 UC2
 []


Underfull \hbox (badness 1107) in paragraph at lines 38--38
[]|\OT1/cmr/m/n/10 Il sis-tema deve per-me-t-tere di
 []


Underfull \hbox (badness 10000) in paragraph at lines 38--38
[]|\OT1/cmr/m/n/10 UC2
 []


Underfull \hbox (badness 10000) in paragraph at lines 39--39
[]|\OT1/cmr/m/n/10 Il sis-tema deve per-me-t-tere
 []


Underfull \hbox (badness 10000) in paragraph at lines 39--39
\OT1/cmr/m/n/10 all'utente di gener-are delle
 []


Underfull \hbox (badness 10000) in paragraph at lines 40--40
[]|\OT1/cmr/m/n/10 Il sis-tema deve per-me-t-tere
 []


Underfull \hbox (badness 10000) in paragraph at lines 40--40
\OT1/cmr/m/n/10 di trasfor-mare i dati di
 []


Underfull \hbox (badness 10000) in paragraph at lines 40--40
\OT1/cmr/m/n/10 track-ing in co-or-di-nate di
 []


Underfull \hbox (badness 10000) in paragraph at lines 40--40
\OT1/cmr/m/n/10 po-sizione all'interno di un
 []


Underfull \hbox (badness 3536) in paragraph at lines 40--40
\OT1/cmr/m/n/10 im-mag-ine .PNG che de-scrive
 []


Underfull \hbox (badness 5175) in paragraph at lines 40--40
\OT1/cmr/m/n/10 la planime-tria del lo-cale, e
 []


Underfull \hbox (badness 1107) in paragraph at lines 41--41
[]|\OT1/cmr/m/n/10 Il sis-tema deve per-me-t-tere di
 []


Underfull \hbox (badness 5417) in paragraph at lines 41--41
\OT1/cmr/m/n/10 for-nisca una rap-p-re-sen-tazione
 []


Underfull \hbox (badness 10000) in paragraph at lines 41--41
[]|\OT1/cmr/m/n/10 UC3
 []


Underfull \hbox (badness 10000) in paragraph at lines 42--42
[]|\OT1/cmr/m/n/10 Il sis-tema deve per-me-t-tere
 []


Underfull \hbox (badness 10000) in paragraph at lines 42--42
\OT1/cmr/m/n/10 di gener-are delle statis-tiche
 []


Underfull \hbox (badness 10000) in paragraph at lines 42--42
[]|\OT1/cmr/m/n/10 UC3
 []


Underfull \hbox (badness 1107) in paragraph at lines 43--43
[]|\OT1/cmr/m/n/10 Il sis-tema deve per-me-t-tere di
 []


Underfull \hbox (badness 10000) in paragraph at lines 43--43
[]|\OT1/cmr/m/n/10 UC3
 []


Underfull \hbox (badness 1107) in paragraph at lines 44--44
[]|\OT1/cmr/m/n/10 Il sis-tema deve per-me-t-tere di
 []


Underfull \hbox (badness 10000) in paragraph at lines 44--44
[]|\OT1/cmr/m/n/10 UC3
 []


Underfull \hbox (badness 1107) in paragraph at lines 45--45
[]|\OT1/cmr/m/n/10 Il sis-tema deve per-me-t-tere di
 []


Underfull \hbox (badness 10000) in paragraph at lines 45--45
[]|\OT1/cmr/m/n/10 UC3
 []

[14] [15]
Overfull \hbox (3.43211pt too wide) in paragraph at lines 67--67
[]|\OT1/cmr/m/n/10 Capitolato| 
 []


Underfull \hbox (badness 1688) in paragraph at lines 68--68
[]|\OT1/cmr/m/n/10 Il sis-tema deve fun-zionare in
 []


Overfull \hbox (3.43211pt too wide) in paragraph at lines 68--68
[]|\OT1/cmr/m/n/10 Capitolato| 
 []


Underfull \hbox (badness 1688) in paragraph at lines 69--69
[]|\OT1/cmr/m/n/10 Il sis-tema deve fun-zionare in
 []


Overfull \hbox (3.43211pt too wide) in paragraph at lines 69--69
[]|\OT1/cmr/m/n/10 Capitolato| 
 []


Underfull \hbox (badness 1688) in paragraph at lines 70--70
[]|\OT1/cmr/m/n/10 Il sis-tema deve fun-zionare in
 []


Overfull \hbox (3.43211pt too wide) in paragraph at lines 70--70
[]|\OT1/cmr/m/n/10 Capitolato| 
 []


Underfull \hbox (badness 10000) in paragraph at lines 71--71
[]|\OT1/cmr/m/n/10 Il sis-tema uti-lizzer^^Ra come
 []


Underfull \hbox (badness 10000) in paragraph at lines 71--71
\OT1/cmr/m/n/10 stru-mento di build CMake,
 []


Overfull \hbox (3.43211pt too wide) in paragraph at lines 71--71
[]|\OT1/cmr/m/n/10 Capitolato| 
 []


Underfull \hbox (badness 10000) in paragraph at lines 93--93
[]|\OT1/cmr/m/n/10 Deve es-sere prodotta
 []


Underfull \hbox (badness 10000) in paragraph at lines 93--93
\OT1/cmr/m/n/10 doc-u-men-tazione del codice
 []


Underfull \hbox (badness 4518) in paragraph at lines 94--94
[]|\OT1/cmr/m/n/10 Il sis-tema deve garan-tire la
 []


Underfull \hbox (badness 4205) in paragraph at lines 94--94
\OT1/cmr/m/n/10 mas-sima in-dipen-denza tra le
 []


Overfull \hbox (3.43211pt too wide) in paragraph at lines 94--94
[]|\OT1/cmr/m/n/10 Capitolato| 
 []


Underfull \vbox (badness 1924) has occurred while \output is active []

 [16])
(./sections/trReqUc.tex [17]
Overfull \hbox (2.26646pt too wide) in paragraph at lines 9--9
[]|\OT1/cmr/bx/n/10 Requisiti| 
 []


Overfull \hbox (2.26646pt too wide) in paragraph at lines 15--16
[]|\OT1/cmr/bx/n/10 Requisiti| 
 []

[18]) [19] (./sections/tecnologie.tex
Overfull \hbox (3.47586pt too wide) in paragraph at lines 2--3
\OT1/cmr/m/n/10 In questa sezione ven-gono breve-mente in-trodotte le pi^^Ru in
-ter-es-santi tec-nolo-gie uti-liz-zate
 []


Underfull \hbox (badness 10000) in paragraph at lines 5--10

 []

[20]
Underfull \hbox (badness 10000) in paragraph at lines 38--42

 []


Overfull \hbox (2.36472pt too wide) in paragraph at lines 38--42
\OT1/cmr/m/n/10 Per il suo uti-lizzo ^^Re suf-fi-ciente creare dei file de-nom-
i-nati CMake-Lists.txt che con-tengono
 []

[21]
Overfull \hbox (4.75261pt too wide) in paragraph at lines 50--51
\OT1/cmr/m/n/10 E' stato scelto di uti-liz-zare QtCre-ator sia per le buone fun
-zion-alit^^Ra che of-fre, so-prat-tutto
 []


Underfull \hbox (badness 10000) in paragraph at lines 53--54

 []

[22]
Overfull \hbox (13.5033pt too wide) in paragraph at lines 63--64
[]\OT1/cmr/bx/n/10 Architecture \OT1/cmr/m/n/10 per-me-tte in-fatti di avere un
a vi-su-al-iz-zazione grafica delle dipen-denze
 []


Overfull \hbox (1.15681pt too wide) in paragraph at lines 63--64
\OT1/cmr/m/it/10 de-pen-dency graph \OT1/cmr/m/n/10 an-che \OT1/cmr/m/it/10 de-
pen-dency ma-tri-ces \OT1/cmr/m/n/10 ed ^^Re in grado di seg-nalare l'impatto
 []


Underfull \hbox (badness 10000) in paragraph at lines 71--73

 []


Overfull \hbox (3.39162pt too wide) in paragraph at lines 81--83
\OT1/cmr/m/n/10 pi-attaforme, tra le quali: Linux, Mac OS X, Win-dows, Cyg-win,
 Win-dows CE, Sym-bian.
 []


Underfull \hbox (badness 10000) in paragraph at lines 81--83

 []


Overfull \hbox (6.33694pt too wide) in paragraph at lines 81--83
\OT1/cmr/m/n/10 Si ^^Re scelto per l'utilizzo di tale frame-work in quanto esso
 ^^Re stato ritenuto suf-fi-cien-te-mente
 []

[23]
Overfull \hbox (10.28146pt too wide) in paragraph at lines 85--88
\OT1/cmr/m/n/10 Doxygen si basa su un file di con-fig-u-razione che con-tiene l
e nu-merose opzioni con-fig-ura-bili
 []


Overfull \hbox (20.43892pt too wide) in paragraph at lines 85--88
\OT1/cmr/m/n/10 messe a dis-po-sizione per la gen-er-azione della doc-u-men-taz
ione. Esso sup-porta l'esportazione
 []

) [24] (./sections/problematiche.tex
Overfull \hbox (0.75896pt too wide) in paragraph at lines 4--5
\OT1/cmr/m/n/10 Per \OT1/cmr/m/it/10 cam-era cal-i-bra-tion \OT1/cmr/m/n/10 si 
in-tende la pro-ce-dura volta a cal-co-lare la re-lazione matem-at-ica
 []


Underfull \hbox (badness 10000) in paragraph at lines 4--5

 []


Underfull \hbox (badness 10000) in paragraph at lines 7--8

 []

<./images/calib1.png, id=747, 957.5775pt x 381.425pt>
File: ./images/calib1.png Graphic file (type png)

<use ./images/calib1.png>
Package pdftex.def Info: ./images/calib1.png used on input line 14.
(pdftex.def)             Requested size: 383.02422pt x 152.56729pt.

Overfull \hbox (13.13838pt too wide) in paragraph at lines 14--15
 [][] 
 []

<./images/calib2.png, id=749, 945.5325pt x 550.055pt>
File: ./images/calib2.png Graphic file (type png)

<use ./images/calib2.png>
Package pdftex.def Info: ./images/calib2.png used on input line 22.
(pdftex.def)             Requested size: 378.2063pt x 220.0181pt.

Overfull \hbox (8.32047pt too wide) in paragraph at lines 22--23
 [][] 
 []


Overfull \hbox (0.62282pt too wide) in paragraph at lines 19--26
[]\OT1/cmr/m/n/10 In tale figura \OT1/cmr/m/it/10 f \OT1/cmr/m/n/10 ^^Re la \OT
1/cmr/m/it/10 fo-cal lenght \OT1/cmr/m/n/10 della tele-cam-era, \OT1/cmr/m/it/1
0 Z \OT1/cmr/m/n/10 la dis-tanza tra oggetto e tele-cam-era,
 []

<./images/calib3.png, id=753, 701.62125pt x 162.6075pt>
File: ./images/calib3.png Graphic file (type png)

<use ./images/calib3.png>
Package pdftex.def Info: ./images/calib3.png used on input line 31.
(pdftex.def)             Requested size: 280.64352pt x 65.04184pt.

Underfull \hbox (badness 10000) in paragraph at lines 27--35

 []

[25 <./images/calib1.png>]
Underfull \hbox (badness 10000) in paragraph at lines 36--37

 []


Underfull \hbox (badness 10000) in paragraph at lines 36--37

 []

[26 <./images/calib2.png> <./images/calib3.png>]
<./images/calib4.png, id=767, 950.55125pt x 390.45876pt>
File: ./images/calib4.png Graphic file (type png)

<use ./images/calib4.png>
Package pdftex.def Info: ./images/calib4.png used on input line 49.
(pdftex.def)             Requested size: 285.16757pt x 117.13852pt.

<./images/calib5.png, id=769, 940.51375pt x 459.7175pt>
File: ./images/calib5.png Graphic file (type png)

<use ./images/calib5.png>
Package pdftex.def Info: ./images/calib5.png used on input line 57.
(pdftex.def)             Requested size: 282.1563pt x 137.9163pt.

Underfull \hbox (badness 10000) in paragraph at lines 46--61

 []


Overfull \hbox (7.86485pt too wide) in paragraph at lines 64--68
\OT1/cmr/m/n/10 All'interno del pro-getto ^^Re stata uti-liz-zata una im-mag-in
e di una scac-chiera con di-men-sioni
 []

[27 <./images/calib4.png> <./images/calib5.png>]
<./images/track1.png, id=779, 919.435pt x 688.5725pt>
File: ./images/track1.png Graphic file (type png)

<use ./images/track1.png>
Package pdftex.def Info: ./images/track1.png used on input line 74.
(pdftex.def)             Requested size: 367.76749pt x 275.4241pt.

Overfull \hbox (9.05003pt too wide) in paragraph at lines 71--80
\OT1/cmr/m/n/10 con-tem-po-ranea-mente. Si ri-porta uno screen-shot che mostra 
il risul-tato di tale op-er-azione
 []

[28 <./images/track1.png>]
<./images/track2.png, id=786, 400.49625pt x 115.43124pt>
File: ./images/track2.png Graphic file (type png)

<use ./images/track2.png>
Package pdftex.def Info: ./images/track2.png used on input line 85.
(pdftex.def)             Requested size: 400.49527pt x 115.43095pt.

Overfull \hbox (30.60944pt too wide) in paragraph at lines 85--86
 [][] 
 []


Overfull \hbox (3.70424pt too wide) in paragraph at lines 82--89
\OT1/cmr/m/n/10 Nella \OT1/cmr/m/it/10 com-puter vi-sion \OT1/cmr/m/n/10 viene 
definita come \OT1/cmr/m/it/10 pla-nar ho-mog-ra-phy \OT1/cmr/m/n/10 una re-laz
ione che es-prime
 []


Underfull \hbox (badness 10000) in paragraph at lines 90--94

 []


Overfull \hbox (5.03152pt too wide) in paragraph at lines 90--94
\OT1/cmr/m/n/10 Nell'implementazione del sis-tema ^^Re stato definito come pi-a
no di partenza il "pavi-mento"
 []


Overfull \hbox (1.9112pt too wide) in paragraph at lines 96--97
\OT1/cmr/m/n/10 Qt of-fre molte fa-cil-i-tazioni per es-eguire ma-nipo-lazioni 
grafiche. All'interno del pro-getto
 []


Overfull \hbox (9.48534pt too wide) in paragraph at lines 96--97
\OT1/cmr/m/n/10 all'asse x. Ci^^Ro ha com-por-tato un ul-te-ri-ore pas-sag-gio.
 Si ri-porta in figura  []16[] un'immagine
 []

[29 <./images/track2.png>] <./images/qtgrad1.png, id=794, 337.26pt x 321.2pt>
File: ./images/qtgrad1.png Graphic file (type png)

<use ./images/qtgrad1.png>
Package pdftex.def Info: ./images/qtgrad1.png used on input line 101.
(pdftex.def)             Requested size: 168.62958pt x 160.59961pt.

Underfull \hbox (badness 10000) in paragraph at lines 106--110

 []


Overfull \hbox (19.51761pt too wide) in paragraph at lines 106--110
\OT1/cmr/m/n/10 Fortunatamente Qt mette a dis-po-sizione la classe QGra-di-ent 
(e derivate) che im-ple-men-tano
 []

) [30 <./images/qtgrad1.png>]
Overfull \hbox (0.30925pt too wide) in paragraph at lines 83--86
\OT1/cmr/m/n/10 Si al-lega il di-a-gramma dei pack-age che de-scrive l'architet
tura gen-erale dell'applicazione
 []


Underfull \hbox (badness 10000) in paragraph at lines 83--86

 []


Underfull \hbox (badness 10000) in paragraph at lines 83--86

 []

<./images/archgen.png, id=801, 367.3725pt x 667.49374pt>
File: ./images/archgen.png Graphic file (type png)

<use ./images/archgen.png>
Package pdftex.def Info: ./images/archgen.png used on input line 89.
(pdftex.def)             Requested size: 183.68579pt x 333.74606pt.
 [31 <./images/archgen.png>]
Underfull \hbox (badness 10000) in paragraph at lines 97--103

 []


Overfull \hbox (23.61475pt too wide) in paragraph at lines 97--103
\OT1/cmr/m/n/10 Per questo mo-tivo era preferi-bile man-tenere una strut-tura a
 lay-ers, che potesse mas-simiz-zare
 []


Underfull \hbox (badness 10000) in paragraph at lines 97--103

 []

[32]
Overfull \hbox (4.11475pt too wide) in paragraph at lines 110--111
\OT1/cmr/m/n/10 ma-trici di-verse che es-p-ri-mono re-lazioni di-verse tra le c
o-or-di-nate dei punti trac-ciati
 []


Overfull \hbox (6.05927pt too wide) in paragraph at lines 112--113
\OT1/cmr/m/n/10 all'intera area del lo-cale e non pi^^Ru legati ad una tele-cam
-era (in-fatti ogni tele-cam-era
 []

<./images/dbschema.png, id=812, 718.685pt x 583.17876pt>
File: ./images/dbschema.png Graphic file (type png)

<use ./images/dbschema.png>
Package pdftex.def Info: ./images/dbschema.png used on input line 118.
(pdftex.def)             Requested size: 359.34161pt x 291.58867pt.


LaTeX Warning: `!h' float specifier changed to `!ht'.

[33] (./sections/specifica.tex
<./images/c1.png, id=820, 915.42pt x 623.32875pt>
File: ./images/c1.png Graphic file (type png)
 <use ./images/c1.png>
Package pdftex.def Info: ./images/c1.png used on input line 7.
(pdftex.def)             Requested size: 366.16151pt x 249.32707pt.


LaTeX Warning: `!h' float specifier changed to `!ht'.


Overfull \hbox (11.25366pt too wide) in paragraph at lines 27--28
\OT1/cmr/m/n/10 dell'utente ven-gono mem-o-riz-zate in dei campi per una suc-ce
s-siva elab-o-razione.
 []

[34 <./images/dbschema.png>]
Overfull \hbox (13.27222pt too wide) in paragraph at lines 37--38
\OT1/cmr/m/n/10 tele-cam-era. Essa viene uti-liz-zata per l'inserimento di una 
nuova con-fig-u-razione
 []


Overfull \hbox (10.96904pt too wide) in paragraph at lines 42--43
[]\OT1/cmr/m/n/10 Rappresenta la fines-tra che per-me-tte all'utente di ge-stir
e
 []

[35 <./images/c1.png>]
Overfull \hbox (1.7815pt too wide) in paragraph at lines 48--50
\OT1/cmr/m/n/10 Componente che si oc-cupa della vi-su-al-iz-zazione della fines
-tra prin-ci-pale del pro-gramma
 []


Overfull \hbox (28.04893pt too wide) in paragraph at lines 52--53
\OT1/cmr/m/n/10 di con-fig-u-razione. E' re-spon-s-abile per la loro cor-retta 
vi-su-al-iz-zazione e l'interpretazione
 []


Overfull \hbox (31.25323pt too wide) in paragraph at lines 58--59
[]\OT1/cmr/m/n/10 Il com-po-nente uti-lizza le fun-zion-alit^^Ra messe a dis-po
-sizione da Stat-Gen-er-a-tor
 []


Overfull \hbox (2.9877pt too wide) in paragraph at lines 72--73
[]\OT1/cmr/m/n/10 Finestra prin-ci-pale del pro-gramma. Con-tiene i bot-toni
 []

<./images/c2.png, id=836, 940.51375pt x 605.26125pt>
File: ./images/c2.png Graphic file (type png)
 <use ./images/c2.png>
Package pdftex.def Info: ./images/c2.png used on input line 84.
(pdftex.def)             Requested size: 376.19884pt x 242.1002pt.

Overfull \hbox (6.313pt too wide) in paragraph at lines 84--85
 [][] 
 []


Overfull \hbox (43.88518pt too wide) in paragraph at lines 78--91
\OT1/cmr/m/n/10 Componente che rap-p-re-senta il liv-ello \OT1/cmr/m/it/10 busi
-ness layer \OT1/cmr/m/n/10 nell'architettura three tier dell'applicazione.
 []

[36]
Overfull \hbox (42.51964pt too wide) in paragraph at lines 103--104
[]\OT1/cmr/m/n/10 Utilizza DataAc-cess-Fa-cade ( []6.4.10[]) per ac-cedere ai d
ati dell'applicazione.
 []


Overfull \hbox (33.10799pt too wide) in paragraph at lines 110--111
[]\OT1/cmr/m/n/10 Classe as-tratta che definisce l'interfaccia per la con-fig-u
-razione
 []

[37 <./images/c2.png>]
Overfull \hbox (9.41347pt too wide) in paragraph at lines 119--120
[]\OT1/cmr/m/n/10 Fornisce un ac-cesso uni-fi-cato per il solo re-cu-pero (se-l
ect)
 []

[38]
Overfull \hbox (11.2814pt too wide) in paragraph at lines 152--153
\OT1/cmr/m/n/10 viene uti-liz-zata dalle classi che si oc-cu-pano di della map-
patura per l'esecuzione
 []


Overfull \hbox (42.51964pt too wide) in paragraph at lines 161--162
[]\OT1/cmr/m/n/10 Utilizza DataAc-cess-Fa-cade ( []6.4.10[]) per ac-cedere ai d
ati dell'applicazione.
 []


Overfull \hbox (21.69131pt too wide) in paragraph at lines 168--169
[]\OT1/cmr/m/n/10 Classe as-tratta che definisce l'interfaccia per le fun-zion-
alit^^Ra
 []


Overfull \hbox (14.38335pt too wide) in paragraph at lines 178--180
\OT1/cmr/m/n/10 Componente che con-tiene al-cune fun-zion-alit^^Ra di util-ity.
 Esse ven-gono messe a dis-po-sizione
 []


Overfull \hbox (2.77463pt too wide) in paragraph at lines 183--184
[]\OT1/cmr/m/n/10 Classe con-teni-tore per le fun-zioni di utilit^^Ra del sis-t
ema.
 []

<./images/c3.png, id=853, 903.375pt x 674.52pt>
File: ./images/c3.png Graphic file (type png)
 <use ./images/c3.png>
Package pdftex.def Info: ./images/c3.png used on input line 194.
(pdftex.def)             Requested size: 361.3436pt x 269.80322pt.
 [39]
Overfull \hbox (30.83691pt too wide) in paragraph at lines 214--215
[]\OT1/cmr/m/n/10 La classe rap-p-re-senta un \OT1/cmr/m/it/10 fa-cade \OT1/cmr
/m/n/10 per l'accesso alle fun-zion-alit^^Ra
 []

[40 <./images/c3.png>]
Overfull \hbox (8.60788pt too wide) in paragraph at lines 228--229
[]\OT1/cmr/m/n/10 Classe che con-tiene i metodi di basso liv-ello per ac-cedere

 []


Overfull \hbox (8.60788pt too wide) in paragraph at lines 232--233
[]\OT1/cmr/m/n/10 Classe che con-tiene i metodi di basso liv-ello per ac-cedere

 []


Overfull \hbox (8.60788pt too wide) in paragraph at lines 236--237
[]\OT1/cmr/m/n/10 Classe che con-tiene i metodi di basso liv-ello per ac-cedere

 []


Overfull \hbox (8.60788pt too wide) in paragraph at lines 240--241
[]\OT1/cmr/m/n/10 Classe che con-tiene i metodi di basso liv-ello per ac-cedere

 []


Overfull \hbox (8.60788pt too wide) in paragraph at lines 244--245
[]\OT1/cmr/m/n/10 Classe che con-tiene i metodi di basso liv-ello per ac-cedere

 []

) (./sections/sequenza.tex
<./images/seq1.png, id=865, 1084.05pt x 474.77374pt>
File: ./images/seq1.png Graphic file (type png)
 <use ./images/seq1.png>
Package pdftex.def Info: ./images/seq1.png used on input line 5.
(pdftex.def)             Requested size: 433.61232pt x 189.90613pt.

Overfull \hbox (63.72649pt too wide) in paragraph at lines 5--6
 [][] 
 []

<./images/seq2.png, id=867, 1057.9525pt x 644.4075pt>
File: ./images/seq2.png Graphic file (type png)
 <use ./images/seq2.png>
Package pdftex.def Info: ./images/seq2.png used on input line 12.
(pdftex.def)             Requested size: 423.17351pt x 257.75844pt.

Overfull \hbox (53.28767pt too wide) in paragraph at lines 12--13
 [][] 
 []

)
Overfull \hbox (5.11478pt too wide) in paragraph at lines 1--128
\OT1/cmr/m/n/10 con-trolli che sono stati in-ser-iti per ver-i-fi-care l'esito 
(suc-cesso/fallimento) dell'operazione
 []


LaTeX Warning: `!h' float specifier changed to `!ht'.


LaTeX Warning: `!h' float specifier changed to `!ht'.

[41] [42 <./images/seq1.png> <./images/seq2.png>]
(./sections/analisistatica.tex
Underfull \hbox (badness 10000) in paragraph at lines 1--2

 []


Overfull \hbox (0.58707pt too wide) in paragraph at lines 4--6
[]\OT1/cmr/m/n/10 Tale met-rica in-dica il nu-mero di cam-mini lin-ear-mente in
-dipen-denti per-cor-ri-bili du-rante
 []


Overfull \hbox (1.80853pt too wide) in paragraph at lines 4--6
\OT1/cmr/m/n/10 per il nu-mero di rou-tine di test nec-es-sarie per rag-giun-ge
re un com-pleto \OT1/cmr/m/it/10 branch cov-er-age\OT1/cmr/m/n/10 . 
 []

LaTeX Font Info:    Try loading font information for OML+cmr on input line 7.
(/usr/share/texlive/texmf-dist/tex/latex/base/omlcmr.fd
File: omlcmr.fd 1999/05/25 v2.5h Standard LaTeX font definitions
)
LaTeX Font Info:    Font shape `OML/cmr/m/n' in size <10> not available
(Font)              Font shape `OML/cmm/m/it' tried instead on input line 7.
 [43

] [44])
Overfull \hbox (4.25363pt too wide) in paragraph at lines 135--139
\OT1/cmr/m/n/10 Nello sviluppo del sis-tema si sono pro-get-tati dei test che p
re-cedessero l'implementazione
 []


Underfull \hbox (badness 10000) in paragraph at lines 135--139

 []


Overfull \hbox (11.17043pt too wide) in paragraph at lines 135--139
\OT1/cmr/m/n/10 com-p-lesse (in par-ti-co-lare chia-mate a metodi di OpenCV, qu
ali cal-colo ma-trice omo-grafica
 []


Underfull \hbox (badness 10000) in paragraph at lines 135--139

 []

[45] (./sections/testvalidaz.tex
Overfull \hbox (8.39774pt too wide) in paragraph at lines 6--7
[]\OT1/cmr/bx/n/10 TV1.1.1 \OT1/cmr/m/n/10 Il test ver-i-fica la pos-si-bilit^^
Ra di se-lezionare il nu-mero di im-mag-ini
 []


Overfull \hbox (1.42pt too wide) in paragraph at lines 16--17
[]\OT1/cmr/bx/n/10 TV2.2 \OT1/cmr/m/n/10 Il test ver-i-fica la pos-si-bilit^^Ra
 di rimuo-vere una tele-cam-era preesistente 
 []


Overfull \hbox (2.55513pt too wide) in paragraph at lines 21--22
[]\OT1/cmr/bx/n/10 TV2.3.3. \OT1/cmr/m/n/10 Il test ver-i-fica la pos-si-bilit^
^Ra di mod-i-fi-care il val-ore dell'altezza
 []

[46]) [47]
Overfull \hbox (0.69312pt too wide) in paragraph at lines 154--155
[]\OT1/cmr/bx/n/10 non sod-dis-fatto: \OT1/cmr/m/n/10 In-dica che il req-ui-sit
o \OT1/cmr/bx/n/10 non \OT1/cmr/m/n/10 ^^Re stato im-ple-men-tato con suc-cesso
.
 []

(./sections/esitoreq.tex
Underfull \hbox (badness 10000) in paragraph at lines 18--18
[]|\OT1/cmr/m/n/10 Il sis-tema deve per-me-t-tere
 []


Underfull \hbox (badness 10000) in paragraph at lines 18--18
\OT1/cmr/m/n/10 all'utente di es-eguire la
 []


Underfull \hbox (badness 10000) in paragraph at lines 19--19
[]|\OT1/cmr/m/n/10 Il sis-tema deve per-me-t-tere
 []


Underfull \hbox (badness 10000) in paragraph at lines 20--20
[]|\OT1/cmr/m/n/10 Il sis-tema deve per-me-t-tere
 []


Underfull \hbox (badness 10000) in paragraph at lines 20--20
\OT1/cmr/m/n/10 all'utente di se-lezionare il
 []


Underfull \hbox (badness 10000) in paragraph at lines 21--21
[]|\OT1/cmr/m/n/10 Il sis-tema deve per-me-t-tere
 []


Underfull \hbox (badness 10000) in paragraph at lines 22--22
[]|\OT1/cmr/m/n/10 Il sis-tema deve per-me-t-tere
 []


Underfull \hbox (badness 10000) in paragraph at lines 22--22
\OT1/cmr/m/n/10 all'utente di se-lezionare
 []


Underfull \hbox (badness 10000) in paragraph at lines 22--22
\OT1/cmr/m/n/10 l'indirizzo iden-ti-fica-tivo della
 []


Underfull \hbox (badness 7759) in paragraph at lines 23--23
[]|\OT1/cmr/m/n/10 Il sis-tema deve es-eguire la
 []


Underfull \hbox (badness 10000) in paragraph at lines 24--24
[]|\OT1/cmr/m/n/10 Il sis-tema deve per-me-t-tere
 []


Underfull \hbox (badness 8075) in paragraph at lines 24--24
\OT1/cmr/m/n/10 all'utente di vi-su-al-iz-zare un
 []


Underfull \hbox (badness 1009) in paragraph at lines 24--24
\OT1/cmr/m/n/10 video che uti-lizza i parametri
 []


Underfull \hbox (badness 10000) in paragraph at lines 25--25
[]|\OT1/cmr/m/n/10 Il sis-tema deve per-me-t-tere
 []


Underfull \hbox (badness 10000) in paragraph at lines 25--25
\OT1/cmr/m/n/10 all'utente di con-fig-u-rare le
 []


Underfull \hbox (badness 10000) in paragraph at lines 26--26
[]|\OT1/cmr/m/n/10 Il sis-tema deve per-me-t-tere
 []


Underfull \hbox (badness 10000) in paragraph at lines 27--27
[]|\OT1/cmr/m/n/10 Il sis-tema deve per-me-t-tere
 []


Underfull \hbox (badness 10000) in paragraph at lines 27--27
\OT1/cmr/m/n/10 all'utente di rimuo-vere una
 []


Underfull \hbox (badness 10000) in paragraph at lines 28--28
[]|\OT1/cmr/m/n/10 Il sis-tema deve per-me-t-tere
 []


Underfull \hbox (badness 10000) in paragraph at lines 28--28
\OT1/cmr/m/n/10 all'utente di mod-i-fi-care e
 []


Underfull \hbox (badness 10000) in paragraph at lines 29--29
[]|\OT1/cmr/m/n/10 Il sis-tema deve per-me-t-tere
 []


Underfull \hbox (badness 10000) in paragraph at lines 30--30
[]|\OT1/cmr/m/n/10 Il sis-tema deve per-me-t-tere
 []


Underfull \hbox (badness 10000) in paragraph at lines 31--31
[]|\OT1/cmr/m/n/10 Il sis-tema deve per-me-t-tere
 []


Underfull \hbox (badness 10000) in paragraph at lines 32--32
[]|\OT1/cmr/m/n/10 Il sis-tema deve per-me-t-tere
 []


Underfull \hbox (badness 10000) in paragraph at lines 32--32
\OT1/cmr/m/n/10 all'utente di mod-i-fi-care il
 []


Underfull \hbox (badness 10000) in paragraph at lines 33--33
[]|\OT1/cmr/m/n/10 Il sis-tema deve per-me-t-tere
 []


Underfull \hbox (badness 1412) in paragraph at lines 33--33
\OT1/cmr/m/n/10 all'utente di mod-i-fi-care il file
 []


Underfull \hbox (badness 10000) in paragraph at lines 33--33
\OT1/cmr/m/n/10 con-te-nente la ho-mog-ra-phy
 []


Underfull \hbox (badness 10000) in paragraph at lines 33--33
\OT1/cmr/m/n/10 ma-trix uti-liz-zata per la
 []


Underfull \hbox (badness 10000) in paragraph at lines 33--33
\OT1/cmr/m/n/10 traduzione delle co-or-di-nate
 []


Underfull \hbox (badness 5985) in paragraph at lines 33--33
\OT1/cmr/m/n/10 di track-ing rel-a-tive ad una
 []


Underfull \hbox (badness 1107) in paragraph at lines 34--34
[]|\OT1/cmr/m/n/10 Il sis-tema deve per-me-t-tere di
 []


Underfull \hbox (badness 10000) in paragraph at lines 35--35
[]|\OT1/cmr/m/n/10 Il sis-tema deve per-me-t-tere
 []


Underfull \hbox (badness 4954) in paragraph at lines 35--35
\OT1/cmr/m/n/10 un file .PNG che ripro-duce
 []


Underfull \hbox (badness 10000) in paragraph at lines 35--35
\OT1/cmr/m/n/10 grafi-ca-mente l'immagine
 []


Underfull \hbox (badness 1107) in paragraph at lines 36--36
[]|\OT1/cmr/m/n/10 Il sis-tema deve per-me-t-tere di
 []


Underfull \hbox (badness 1107) in paragraph at lines 37--37
[]|\OT1/cmr/m/n/10 Il sis-tema deve per-me-t-tere di
 []


Underfull \hbox (badness 10000) in paragraph at lines 38--38
[]|\OT1/cmr/m/n/10 Il sis-tema deve per-me-t-tere
 []


Underfull \hbox (badness 10000) in paragraph at lines 38--38
\OT1/cmr/m/n/10 all'utente di gener-are delle
 []


Underfull \hbox (badness 10000) in paragraph at lines 39--39
[]|\OT1/cmr/m/n/10 Il sis-tema deve per-me-t-tere
 []


Underfull \hbox (badness 10000) in paragraph at lines 39--39
\OT1/cmr/m/n/10 di trasfor-mare i dati di
 []


Underfull \hbox (badness 10000) in paragraph at lines 39--39
\OT1/cmr/m/n/10 track-ing in co-or-di-nate di
 []


Underfull \hbox (badness 10000) in paragraph at lines 39--39
\OT1/cmr/m/n/10 po-sizione all'interno di un
 []


Underfull \hbox (badness 3536) in paragraph at lines 39--39
\OT1/cmr/m/n/10 im-mag-ine .PNG che de-scrive
 []


Underfull \hbox (badness 5175) in paragraph at lines 39--39
\OT1/cmr/m/n/10 la planime-tria del lo-cale, e
 []


Underfull \hbox (badness 1107) in paragraph at lines 40--40
[]|\OT1/cmr/m/n/10 Il sis-tema deve per-me-t-tere di
 []


Underfull \hbox (badness 5417) in paragraph at lines 40--40
\OT1/cmr/m/n/10 for-nisca una rap-p-re-sen-tazione
 []


Underfull \hbox (badness 10000) in paragraph at lines 41--41
[]|\OT1/cmr/m/n/10 Il sis-tema deve per-me-t-tere
 []


Underfull \hbox (badness 10000) in paragraph at lines 41--41
\OT1/cmr/m/n/10 di gener-are delle statis-tiche
 []


Underfull \hbox (badness 1107) in paragraph at lines 42--42
[]|\OT1/cmr/m/n/10 Il sis-tema deve per-me-t-tere di
 []


Underfull \hbox (badness 1107) in paragraph at lines 43--43
[]|\OT1/cmr/m/n/10 Il sis-tema deve per-me-t-tere di
 []


Underfull \hbox (badness 1107) in paragraph at lines 44--44
[]|\OT1/cmr/m/n/10 Il sis-tema deve per-me-t-tere di
 []


Package Fancyhdr Warning: \headheight is too small (12.0pt): 
 Make it at least 13.07225pt.
 We now make it that large for the rest of the document.
 This may cause the page layout to be inconsistent, however.

[48]

Package Fancyhdr Warning: \headheight is too small (12.0pt): 
 Make it at least 13.07225pt.
 We now make it that large for the rest of the document.
 This may cause the page layout to be inconsistent, however.

[49]
Underfull \hbox (badness 1688) in paragraph at lines 67--67
[]|\OT1/cmr/m/n/10 Il sis-tema deve fun-zionare in
 []


Underfull \hbox (badness 1688) in paragraph at lines 68--68
[]|\OT1/cmr/m/n/10 Il sis-tema deve fun-zionare in
 []


Underfull \hbox (badness 1688) in paragraph at lines 69--69
[]|\OT1/cmr/m/n/10 Il sis-tema deve fun-zionare in
 []


Underfull \hbox (badness 10000) in paragraph at lines 70--70
[]|\OT1/cmr/m/n/10 Il sis-tema uti-lizzer^^Ra come
 []


Underfull \hbox (badness 10000) in paragraph at lines 70--70
\OT1/cmr/m/n/10 stru-mento di build CMake,
 []


Underfull \vbox (badness 10000) has occurred while \output is active []



Package Fancyhdr Warning: \headheight is too small (12.0pt): 
 Make it at least 13.07225pt.
 We now make it that large for the rest of the document.
 This may cause the page layout to be inconsistent, however.

[50]
Underfull \hbox (badness 10000) in paragraph at lines 92--92
[]|\OT1/cmr/m/n/10 Deve es-sere prodotta
 []


Underfull \hbox (badness 10000) in paragraph at lines 92--92
\OT1/cmr/m/n/10 doc-u-men-tazione del codice
 []


Underfull \hbox (badness 4518) in paragraph at lines 93--93
[]|\OT1/cmr/m/n/10 Il sis-tema deve garan-tire la
 []


Underfull \hbox (badness 4205) in paragraph at lines 93--93
\OT1/cmr/m/n/10 mas-sima in-dipen-denza tra le
 []

) (./sections/esitistatica.tex
Underfull \hbox (badness 10000) in paragraph at lines 167--1

 []


Overfull \hbox (2.30675pt too wide) in paragraph at lines 7--7
[]|\OT1/cmr/bx/n/10 typerank| 
 []


Overfull \hbox (5.9129pt too wide) in alignment at lines 4--8
 [] [] [] [] [] 
 []


Overfull \hbox (2.30675pt too wide) in paragraph at lines 13--13
[]|\OT1/cmr/bx/n/10 typerank| 
 []


Overfull \hbox (5.9129pt too wide) in alignment at lines 8--14
 [] [] [] [] [] 
 []


Overfull \hbox (5.9129pt too wide) in alignment at lines 14--16
 [] [] [] [] [] 
 []


Overfull \hbox (5.9129pt too wide) in alignment at lines 16--18
 [] [] [] [] [] 
 []


Overfull \hbox (5.9129pt too wide) in alignment at lines 18--38
 [] [] [] [] [] 
 []


Package Fancyhdr Warning: \headheight is too small (12.0pt): 
 Make it at least 13.07225pt.
 We now make it that large for the rest of the document.
 This may cause the page layout to be inconsistent, however.

[51]
Overfull \hbox (5.9129pt too wide) in alignment at lines 38--41
 [] [] [] [] [] 
 []

) (./sections/esitivalidazione.tex
Underfull \hbox (badness 10000) in paragraph at lines 20--20
\OT1/cmr/m/n/10 il nu-mero di im-mag-ini da
 []


Underfull \hbox (badness 1264) in paragraph at lines 22--22
\OT1/cmr/m/n/10 l'indirizzo della tele-cam-era da
 []


Underfull \hbox (badness 10000) in paragraph at lines 23--23
\OT1/cmr/m/n/10 e che le im-postazioni di
 []


Underfull \hbox (badness 10000) in paragraph at lines 23--23
\OT1/cmr/m/n/10 cal-i-brazione scelte vengano
 []


Underfull \hbox (badness 10000) in paragraph at lines 24--24
[]|\OT1/cmr/m/n/10 Si ver-i-fica che si possa
 []


Underfull \hbox (badness 7981) in paragraph at lines 24--24
\OT1/cmr/m/n/10 vi-su-al-iz-zare lo stream video
 []


Underfull \hbox (badness 6284) in paragraph at lines 29--29
[]|\OT1/cmr/m/n/10 Si ver-i-fica che sia pos-si-bile
 []


Underfull \hbox (badness 6284) in paragraph at lines 30--30
[]|\OT1/cmr/m/n/10 Si ver-i-fica che sia pos-si-bile
 []


Underfull \hbox (badness 6284) in paragraph at lines 31--31
[]|\OT1/cmr/m/n/10 Si ver-i-fica che sia pos-si-bile
 []


Underfull \hbox (badness 10000) in paragraph at lines 31--31
\OT1/cmr/m/n/10 del frame us-ato per la
 []


Underfull \hbox (badness 6284) in paragraph at lines 32--32
[]|\OT1/cmr/m/n/10 Si ver-i-fica che sia pos-si-bile
 []


Underfull \hbox (badness 10000) in paragraph at lines 32--32
\OT1/cmr/m/n/10 mod-i-fi-care il val-ore della
 []


Underfull \hbox (badness 6284) in paragraph at lines 33--33
[]|\OT1/cmr/m/n/10 Si ver-i-fica che sia pos-si-bile
 []


Underfull \hbox (badness 1383) in paragraph at lines 33--33
\OT1/cmr/m/n/10 mod-i-fi-care il per-corso del file
 []


Underfull \hbox (badness 3417) in paragraph at lines 33--33
\OT1/cmr/m/n/10 ho-mog-ra-phy ma-trix e che il
 []


Underfull \hbox (badness 10000) in paragraph at lines 35--35
[]|\OT1/cmr/m/n/10 Si ver-i-fica che si possa
 []


Underfull \hbox (badness 3029) in paragraph at lines 35--35
\OT1/cmr/m/n/10 se-lezionare un file .DXF dal
 []


Underfull \hbox (badness 1776) in paragraph at lines 35--35
\OT1/cmr/m/n/10 file sys-tem, con-ver-tirlo e che
 []


Underfull \hbox (badness 2865) in paragraph at lines 36--36
\OT1/cmr/m/n/10 rispet-ti-va-mente la planime-tria
 []


Underfull \hbox (badness 4886) in paragraph at lines 36--36
\OT1/cmr/m/n/10 del lo-cale e il frame preso
 []


Underfull \hbox (badness 1242) in paragraph at lines 36--36
\OT1/cmr/m/n/10 dallo stream della tele-cam-era,
 []


Underfull \hbox (badness 1259) in paragraph at lines 36--36
\OT1/cmr/m/n/10 che tra-d-uca le co-or-di-nate tra
 []


Underfull \hbox (badness 1117) in paragraph at lines 36--36
\OT1/cmr/m/n/10 i due pi-ani definiti dai punti
 []


Underfull \hbox (badness 4913) in paragraph at lines 36--36
\OT1/cmr/m/n/10 seg-nati nelle 2 im-mag-ini di
 []


Underfull \hbox (badness 6284) in paragraph at lines 37--37
[]|\OT1/cmr/m/n/10 Si ver-i-fica che sia pos-si-bile
 []


Underfull \hbox (badness 1097) in paragraph at lines 37--37
\OT1/cmr/m/n/10 una volta se-lezion-ata essa sia
 []


Underfull \hbox (badness 6284) in paragraph at lines 39--39
[]|\OT1/cmr/m/n/10 Si ver-i-fica che sia pos-si-bile
 []


Underfull \hbox (badness 1048) in paragraph at lines 39--39
\OT1/cmr/m/n/10 trasfor-mare i dati di track-ing
 []


Underfull \hbox (badness 6284) in paragraph at lines 40--40
[]|\OT1/cmr/m/n/10 Si ver-i-fica che sia pos-si-bile
 []


Underfull \hbox (badness 1648) in paragraph at lines 40--40
\OT1/cmr/m/n/10 gener-are una heatmap grafica
 []


Underfull \hbox (badness 3019) in paragraph at lines 40--40
\OT1/cmr/m/n/10 in base alle oc-cor-renze delle
 []


Underfull \hbox (badness 10000) in paragraph at lines 40--40
\OT1/cmr/m/n/10 co-or-di-nate di trac-cia-mento
 []


Underfull \hbox (badness 3503) in paragraph at lines 42--42
[]|\OT1/cmr/m/n/10 Il test ver-i-fica che si possa
 []


Underfull \hbox (badness 1038) in paragraph at lines 42--42
\OT1/cmr/m/n/10 gener-are la sta-tis-tica di \OT1/cmr/m/it/10 dwell
 []


Underfull \hbox (badness 3503) in paragraph at lines 43--43
[]|\OT1/cmr/m/n/10 Il test ver-i-fica che si possa
 []


Underfull \hbox (badness 3503) in paragraph at lines 44--44
[]|\OT1/cmr/m/n/10 Il test ver-i-fica che si possa
 []


Package Fancyhdr Warning: \headheight is too small (12.0pt): 
 Make it at least 13.07225pt.
 We now make it that large for the rest of the document.
 This may cause the page layout to be inconsistent, however.

[52]

Package Fancyhdr Warning: \headheight is too small (12.0pt): 
 Make it at least 13.07225pt.
 We now make it that large for the rest of the document.
 This may cause the page layout to be inconsistent, however.

[53]

Package Fancyhdr Warning: \headheight is too small (12.0pt): 
 Make it at least 13.07225pt.
 We now make it that large for the rest of the document.
 This may cause the page layout to be inconsistent, however.

[54])
Overfull \hbox (3.8266pt too wide) in paragraph at lines 174--179
\OT1/cmr/m/n/10 req-ui-siti sono stati sod-dis-fatti con suc-cesso. I req-ui-si
ti sulla gen-er-azione delle statis-tiche
 []


Underfull \hbox (badness 10000) in paragraph at lines 174--179

 []


Underfull \hbox (badness 10000) in paragraph at lines 174--179

 []


Underfull \hbox (badness 10000) in paragraph at lines 174--179

 []


Underfull \hbox (badness 10000) in paragraph at lines 184--186

 []


Package Fancyhdr Warning: \headheight is too small (12.0pt): 
 Make it at least 13.07225pt.
 We now make it that large for the rest of the document.
 This may cause the page layout to be inconsistent, however.

[55]

Package Fancyhdr Warning: \headheight is too small (12.0pt): 
 Make it at least 13.07225pt.
 We now make it that large for the rest of the document.
 This may cause the page layout to be inconsistent, however.

[56] (./sections/conclusioni.tex
Underfull \hbox (badness 10000) in paragraph at lines 2--5

 []


Underfull \hbox (badness 10000) in paragraph at lines 2--5

 []


Overfull \hbox (19.17024pt too wide) in paragraph at lines 10--11
[]\OT1/cmr/bx/n/10 C++ \OT1/cmr/m/n/10 es-sendo un lin-guag-gio dif-fi-cile e d
i basso liv-ello ^^Re stato im-por-tante ap-pro-fondire
 []

[57]
Underfull \hbox (badness 10000) in paragraph at lines 25--28

 []


Overfull \hbox (7.80574pt too wide) in paragraph at lines 25--28
\OT1/cmr/m/n/10 du-rante il track-ing degli oggetti. In-fatti in un con-testo r
eale tale even-tu-alit^^Ra (l'\OT1/cmr/m/it/10 occlusion\OT1/cmr/m/n/10 )
 []


Underfull \hbox (badness 10000) in paragraph at lines 25--28

 []


Overfull \hbox (10.74445pt too wide) in paragraph at lines 25--28
\OT1/cmr/m/n/10 dei dati rac-colti. In fu-turo sar^^Ra nec-es-sario ri-cavare n
on solo le co-or-di-nate di trac-cia-mento,
 []


Overfull \hbox (37.57794pt too wide) in paragraph at lines 25--28
\OT1/cmr/m/n/10 ma an-che in-for-mazioni pi^^Ru det-tagli-ate. Par-ti-co-lare a
t-ten-zione verr^^Ra posta nell'implementazione
 []


Underfull \hbox (badness 10000) in paragraph at lines 32--37

 []


Underfull \hbox (badness 10000) in paragraph at lines 32--37

 []


Underfull \hbox (badness 10000) in paragraph at lines 32--37

 []


Underfull \hbox (badness 10000) in paragraph at lines 32--37

 []

[58]
Underfull \hbox (badness 10000) in paragraph at lines 38--39

 []


Underfull \hbox (badness 10000) in paragraph at lines 38--39

 []

) [59] (./bibliography/bibliography.tex
Underfull \hbox (badness 2359) in paragraph at lines 13--14
[]\OT1/cmr/m/n/10 Robert La-gani^^Rere, \OT1/cmr/m/it/10 OpenCV 2 Com-puter Vi-
sion Ap-pli-ca-tion Pro-gram-ming
 []

)
Package atveryend Info: Empty hook `BeforeClearDocument' on input line 206.
 [60]
Package atveryend Info: Empty hook `AfterLastShipout' on input line 206.
 (build/thesis.aux)
Package atveryend Info: Executing hook `AtVeryEndDocument' on input line 206.
Package atveryend Info: Executing hook `AtEndAfterFileList' on input line 206.
Package rerunfilecheck Info: File `thesis.out' has not changed.
(rerunfilecheck)             Checksum: <no file>.


LaTeX Warning: There were undefined references.


LaTeX Warning: There were multiply-defined labels.

Package atveryend Info: Empty hook `AtVeryVeryEnd' on input line 206.
 )
(\end occurred inside a group at level 1)

### simple group (level 1) entered at line 1 ({)
### bottom level 
Here is how much of TeX's memory you used:
 9071 strings out of 493485
 129526 string characters out of 3143525
 280105 words of memory out of 3000000
 11927 multiletter control sequences out of 15000+200000
 8111 words of font info for 31 fonts, out of 3000000 for 9000
 957 hyphenation exceptions out of 8191
 37i,15n,45p,1155b,666s stack positions out of 5000i,500n,10000p,200000b,50000s
</usr/share/texlive/texmf-dist/fonts/type1/public/amsfonts/cm/c
mbx10.pfb></usr/share/texlive/texmf-dist/fonts/type1/public/amsfonts/cm/cmbx12.
pfb></usr/share/texlive/texmf-dist/fonts/type1/public/amsfonts/cm/cmbxti10.pfb>
</usr/share/texlive/texmf-dist/fonts/type1/public/amsfonts/cm/cmex10.pfb></usr/
share/texlive/texmf-dist/fonts/type1/public/amsfonts/cm/cmmi10.pfb></usr/share/
texlive/texmf-dist/fonts/type1/public/amsfonts/cm/cmr10.pfb></usr/share/texlive
/texmf-dist/fonts/type1/public/amsfonts/cm/cmr12.pfb></usr/share/texlive/texmf-
dist/fonts/type1/public/amsfonts/cm/cmr7.pfb></usr/share/texlive/texmf-dist/fon
ts/type1/public/amsfonts/cm/cmsl10.pfb></usr/share/texlive/texmf-dist/fonts/typ
e1/public/amsfonts/cm/cmsy10.pfb></usr/share/texlive/texmf-dist/fonts/type1/pub
lic/amsfonts/cm/cmti10.pfb></usr/share/texlive/texmf-dist/fonts/type1/public/am
sfonts/cm/cmti7.pfb></usr/share/texlive/texmf-dist/fonts/type1/public/amsfonts/
cm/cmtt10.pfb></usr/share/texlive/texmf-dist/fonts/type1/public/amsfonts/latxfo
nt/lasy10.pfb>
Output written on build/thesis.pdf (68 pages, 2339286 bytes).
PDF statistics:
 1101 PDF objects out of 1200 (max. 8388607)
 961 compressed objects within 10 object streams
 253 named destinations out of 1000 (max. 500000)
 865 words of extra memory for PDF output out of 10000 (max. 10000000)

